<?xml version="1.0" ?>
<!DOCTYPE coverage SYSTEM "http://cobertura.sourceforge.net/xml/coverage-04.dtd">
<coverage lines-valid="6"  lines-covered="5"  line-rate="0.8332999999999999"  branches-valid="0"  branches-covered="0"  branch-rate="1"  timestamp="1449772149187" complexity="0" version="0.1">
<sources>
	<source>/Users/aserputko/dev/code/ui-analytics</source>
</sources>
<packages>
	<package name="scripts"  line-rate="0.8332999999999999"  branch-rate="1" >
	<classes>
		<class name="app.js"  filename="app/scripts/app.js"  line-rate="0.8332999999999999"  branch-rate="1" >
		<methods>
			<method name="(anonymous_1)"  hits="1"  signature="()V" >
				<lines><line number="1"  hits="1" /></lines>
			</method>
			<method name="(anonymous_2)"  hits="2"  signature="()V" >
				<lines><line number="6"  hits="2" /></lines>
			</method>
			<method name="(anonymous_3)"  hits="1"  signature="()V" >
				<lines><line number="9"  hits="1" /></lines>
			</method>
			<method name="(anonymous_4)"  hits="0"  signature="()V" >
				<lines><line number="13"  hits="0" /></lines>
			</method>
		</methods>
		<lines>
			<line number="1"  hits="1"  branch="false" />
			<line number="4"  hits="1"  branch="false" />
			<line number="8"  hits="2"  branch="false" />
			<line number="10"  hits="1"  branch="false" />
			<line number="14"  hits="0"  branch="false" />
			<line number="18"  hits="2"  branch="false" />
		</lines>
		</class>
	</classes>
	</package>
</packages>
</coverage>
